Drill Listing
=============
Drill: .01575  Tool: 1  Feed: 95  Speed: 300
X 68897  Y 14763
X 68897  Y 22145
X 68897  Y 29527
X 81102  Y 13779
X 93661  Y 29133
X 97244  Y 18503
X 103149  Y 16141
X 104724  Y 11023
X 132874  Y 17224
X 132874  Y 9842
X 139960  Y 6496
X 140255  Y 22145
X 154724  Y 20866
X 169783  Y 9842
X 179330  Y 9645
X 187795  Y 11023
X 194389  Y 14763
X 199311  Y 22145
X 204527  Y 11023
X 297736  Y 12303
X 322342  Y 12303
X 354921  Y 21653
X 373228  Y 15748
X 378543  Y 19881
X 387401  Y 23425
X 399606  Y 23425
X 408267  Y 18110
X 467519  Y 13779
X 516732  Y 24606
X 556889  Y 30314
X 627460  Y 22145
X 642322  Y 20669
X 642322  Y 26574
X 661909  Y 24606
X 722098  Y 28267
X 794783  Y 22145
X 769881  Y 54133
X 767716  Y 34251
X 726377  Y 45275
X 710496  Y 50984
X 661909  Y 34448
X 652066  Y 51673
X 555000  Y 37500
X 516535  Y 31496
X 500196  Y 54527
X 482874  Y 51771
X 376476  Y 36909
X 356791  Y 36909
X 349409  Y 36909
X 314370  Y 38188
X 305118  Y 48622
X 267519  Y 51181
X 242913  Y 33661
X 224212  Y 51181
X 221456  Y 34448
X 209153  Y 31988
X 191929  Y 54133
X 189468  Y 39370
X 186023  Y 51771
X 182086  Y 34448
X 179625  Y 51673
X 165551  Y 41732
X 147637  Y 31988
X 140255  Y 41830
X 132874  Y 31988
X 132874  Y 41830
X 113188  Y 44291
X 108267  Y 31988
X 101377  Y 55118
X 101338  Y 34291
X 93503  Y 55118
X 87795  Y 49803
X 68897  Y 36909
X 63976  Y 51673
X 46062  Y 66929
X 61614  Y 59055
X 68110  Y 73818
X 73818  Y 73818
X 93307  Y 63779
X 101377  Y 64173
X 108267  Y 59055
X 109645  Y 80511
X 113188  Y 66437
X 113188  Y 73818
X 132874  Y 56594
X 132874  Y 63976
X 132874  Y 71358
X 132874  Y 78740
X 155019  Y 73818
X 169783  Y 81200
X 185000  Y 62500
X 189468  Y 78740
X 198425  Y 76771
X 206692  Y 68897
X 206692  Y 76279
X 224212  Y 60236
X 238681  Y 66437
X 250984  Y 68897
X 260826  Y 73818
X 260826  Y 81200
X 261220  Y 61811
X 303149  Y 71259
X 349409  Y 56594
X 350590  Y 69488
X 391535  Y 79527
X 398425  Y 57086
X 406003  Y 76279
X 413385  Y 61515
X 455216  Y 71358
X 474901  Y 59055
X 482283  Y 59055
X 494586  Y 59055
X 497047  Y 71358
X 521653  Y 71358
X 528937  Y 79724
X 531496  Y 59055
X 563484  Y 56594
X 563484  Y 71358
X 627460  Y 65157
X 767716  Y 61515
X 767716  Y 75787
X 776377  Y 75275
X 815751  Y 86614
X 790549  Y 97636
X 666830  Y 105807
X 666830  Y 83661
X 627460  Y 93503
X 625000  Y 105807
X 601062  Y 101181
X 595472  Y 105807
X 589566  Y 104330
X 569685  Y 104330
X 565944  Y 98425
X 528937  Y 106299
X 462598  Y 105807
X 455216  Y 83661
X 421259  Y 88779
X 406003  Y 83661
X 406003  Y 91043
X 397637  Y 88976
X 332185  Y 100885
X 314566  Y 101771
X 258858  Y 103346
X 231299  Y 100393
X 221850  Y 87795
X 206692  Y 103346
X 190354  Y 87795
X 174015  Y 103740
X 169783  Y 88582
X 162992  Y 93700
X 132874  Y 93503
X 132874  Y 86122
X 116141  Y 100393
X 108267  Y 91043
X 103543  Y 106299
X 101377  Y 85039
X 100885  Y 100885
X 89566  Y 90157
X 78543  Y 85236
X 78346  Y 106102
X 73228  Y 81496
X 66437  Y 98425
X 71850  Y 112992
X 89566  Y 112992
X 125000  Y 115000
X 176181  Y 125787
X 211614  Y 110728
X 258858  Y 110039
X 275787  Y 119291
X 309055  Y 122047
X 324803  Y 115649
X 338385  Y 116141
X 384055  Y 112204
X 388779  Y 120570
X 400984  Y 121062
X 417322  Y 121259
X 418110  Y 107874
X 541338  Y 113188
X 575787  Y 120570
X 590551  Y 120570
X 605708  Y 114960
X 767716  Y 110728
X 784940  Y 110728

Drill: .0315  Tool: 2  Feed: 197  Speed: 550
X 689960  Y 31496
X 689960  Y 68897
X 703740  Y 31496
X 703740  Y 68897

Drill: .03937  Tool: 3  Feed: 197  Speed: 550
X 277677  Y 80708
X 277677  Y 64960
X 287677  Y 80708
X 287677  Y 64960
X 433582  Y 49212
X 433582  Y 80708
X 433582  Y 64960
X 437401  Y 13188
X 443582  Y 49212
X 443582  Y 80708
X 443582  Y 64960
X 445275  Y 13188
X 772913  Y 25039
X 777913  Y 18039
X 782913  Y 25039
X 807086  Y 102362
X 807086  Y 114173
X 287677  Y 96456
X 277677  Y 96456

Drill: .05118  Tool: 4  Feed: 107  Speed: 550
X 724409  Y 18700
X 724409  Y 77755
X 724409  Y 97440
X 753937  Y 77755
X 753937  Y 18700
X 753937  Y 97440
X 785787  Y 68897
X 785787  Y 49212
X 795629  Y 59055
X 795629  Y 78740
X 799370  Y 90551
X 805472  Y 68897
X 805472  Y 49212
X 799370  Y 125984
X 753937  Y 117125
X 724409  Y 117125

Drill: .06693  Tool: 5  Feed: 89  Speed: 550
X 683149  Y 113976
X 698740  Y 113976

Drill: .11811  Tool: 6  Feed: 69  Speed: 658
X 282677  Y 49212
X 438582  Y 96456

Drill: .1252  Tool: 7  Feed: 35  Speed: 794
X 362204  Y 110236

End of Listing
